<?xml version="1.0" encoding="UTF-8"?>
<!-- Generated by org.testng.reporters.JUnitReportReporter -->
<testsuite hostname="Mulalo-PC" failures="0" tests="2" name="tests.TestOne" time="4.702" errors="0" timestamp="2022-09-18T10:59:33 SAST" skipped="0">
  <testcase classname="tests.TestOne" name="test_1" time="3.134"/>
  <system-out/>
  <testcase classname="tests.TestOne" name="test_2" time="1.568"/>
  <system-out/>
</testsuite> <!-- tests.TestOne -->
