<?xml version="1.0" encoding="UTF-8"?>
<!-- Generated by org.testng.reporters.JUnitReportReporter -->
<testsuite hostname="Mulalo-PC" failures="0" tests="2" name="tests.TestTwoGetAndPostExamples" time="6.001" errors="0" timestamp="2022-09-18T12:09:37 SAST" skipped="0">
  <testcase classname="tests.TestTwoGetAndPostExamples" name="testPost" time="0.582"/>
  <system-out/>
  <testcase classname="tests.TestTwoGetAndPostExamples" name="testGet" time="5.419"/>
  <system-out/>
</testsuite> <!-- tests.TestTwoGetAndPostExamples -->
