<?xml version="1.0" encoding="UTF-8"?>
<!-- Generated by org.testng.reporters.JUnitReportReporter -->
<testsuite hostname="Mulalo-PC" failures="0" tests="3" name="tests.PutPatchDeleteExamples" time="4.096" errors="0" timestamp="2022-09-18T13:25:54 SAST" skipped="0">
  <testcase classname="tests.PutPatchDeleteExamples" name="testDelete" time="3.101"/>
  <system-out/>
  <testcase classname="tests.PutPatchDeleteExamples" name="testPatch" time="0.554"/>
  <system-out/>
  <testcase classname="tests.PutPatchDeleteExamples" name="testPut" time="0.441"/>
  <system-out/>
</testsuite> <!-- tests.PutPatchDeleteExamples -->
